[1.202s] Invoking command in '/home/shashwat/test_ws/src/SubMerge-CV-/rov_vision': PYTHONPATH=/home/shashwat/test_ws/src/SubMerge-CV-/build/rov_vision/prefix_override:/usr/lib/python3/dist-packages/colcon_core/task/python/colcon_distutils_commands:/home/shashwat/test_ws/src/SubMerge-CV-/install/rov_vision/lib/python3.10/site-packages:${PYTHONPATH} /usr/bin/python3 -W ignore:setup.py install is deprecated -W ignore:easy_install command is deprecated setup.py egg_info --egg-base ../build/rov_vision build --build-base /home/shashwat/test_ws/src/SubMerge-CV-/build/rov_vision/build install --record /home/shashwat/test_ws/src/SubMerge-CV-/build/rov_vision/install.log --single-version-externally-managed install_data
[1.501s] running egg_info
[1.501s] creating ../build/rov_vision/rov_vision.egg-info
[1.502s] writing ../build/rov_vision/rov_vision.egg-info/PKG-INFO
[1.502s] writing dependency_links to ../build/rov_vision/rov_vision.egg-info/dependency_links.txt
[1.502s] writing entry points to ../build/rov_vision/rov_vision.egg-info/entry_points.txt
[1.502s] writing requirements to ../build/rov_vision/rov_vision.egg-info/requires.txt
[1.502s] writing top-level names to ../build/rov_vision/rov_vision.egg-info/top_level.txt
[1.503s] writing manifest file '../build/rov_vision/rov_vision.egg-info/SOURCES.txt'
[1.506s] reading manifest file '../build/rov_vision/rov_vision.egg-info/SOURCES.txt'
[1.506s] writing manifest file '../build/rov_vision/rov_vision.egg-info/SOURCES.txt'
[1.506s] running build
[1.507s] running build_py
[1.507s] creating /home/shashwat/test_ws/src/SubMerge-CV-/build/rov_vision/build
[1.507s] creating /home/shashwat/test_ws/src/SubMerge-CV-/build/rov_vision/build/lib
[1.507s] creating /home/shashwat/test_ws/src/SubMerge-CV-/build/rov_vision/build/lib/rov_vision
[1.507s] copying rov_vision/__init__.py -> /home/shashwat/test_ws/src/SubMerge-CV-/build/rov_vision/build/lib/rov_vision
[1.507s] copying rov_vision/vision_node.py -> /home/shashwat/test_ws/src/SubMerge-CV-/build/rov_vision/build/lib/rov_vision
[1.507s] running install
[1.508s] running install_lib
[1.509s] creating /home/shashwat/test_ws/src/SubMerge-CV-/install/rov_vision/lib/python3.10/site-packages/rov_vision
[1.509s] copying /home/shashwat/test_ws/src/SubMerge-CV-/build/rov_vision/build/lib/rov_vision/__init__.py -> /home/shashwat/test_ws/src/SubMerge-CV-/install/rov_vision/lib/python3.10/site-packages/rov_vision
[1.509s] copying /home/shashwat/test_ws/src/SubMerge-CV-/build/rov_vision/build/lib/rov_vision/vision_node.py -> /home/shashwat/test_ws/src/SubMerge-CV-/install/rov_vision/lib/python3.10/site-packages/rov_vision
[1.509s] byte-compiling /home/shashwat/test_ws/src/SubMerge-CV-/install/rov_vision/lib/python3.10/site-packages/rov_vision/__init__.py to __init__.cpython-310.pyc
[1.510s] byte-compiling /home/shashwat/test_ws/src/SubMerge-CV-/install/rov_vision/lib/python3.10/site-packages/rov_vision/vision_node.py to vision_node.cpython-310.pyc
[1.511s] running install_data
[1.511s] creating /home/shashwat/test_ws/src/SubMerge-CV-/install/rov_vision/share/ament_index
[1.511s] creating /home/shashwat/test_ws/src/SubMerge-CV-/install/rov_vision/share/ament_index/resource_index
[1.511s] creating /home/shashwat/test_ws/src/SubMerge-CV-/install/rov_vision/share/ament_index/resource_index/packages
[1.511s] copying resource/rov_vision -> /home/shashwat/test_ws/src/SubMerge-CV-/install/rov_vision/share/ament_index/resource_index/packages
[1.511s] copying package.xml -> /home/shashwat/test_ws/src/SubMerge-CV-/install/rov_vision/share/rov_vision
[1.512s] running install_egg_info
[1.513s] Copying ../build/rov_vision/rov_vision.egg-info to /home/shashwat/test_ws/src/SubMerge-CV-/install/rov_vision/lib/python3.10/site-packages/rov_vision-0.0.0-py3.10.egg-info
[1.514s] running install_scripts
[1.533s] Installing vision_node script to /home/shashwat/test_ws/src/SubMerge-CV-/install/rov_vision/lib/rov_vision
[1.533s] writing list of installed files to '/home/shashwat/test_ws/src/SubMerge-CV-/build/rov_vision/install.log'
[1.570s] Invoked command in '/home/shashwat/test_ws/src/SubMerge-CV-/rov_vision' returned '0': PYTHONPATH=/home/shashwat/test_ws/src/SubMerge-CV-/build/rov_vision/prefix_override:/usr/lib/python3/dist-packages/colcon_core/task/python/colcon_distutils_commands:/home/shashwat/test_ws/src/SubMerge-CV-/install/rov_vision/lib/python3.10/site-packages:${PYTHONPATH} /usr/bin/python3 -W ignore:setup.py install is deprecated -W ignore:easy_install command is deprecated setup.py egg_info --egg-base ../build/rov_vision build --build-base /home/shashwat/test_ws/src/SubMerge-CV-/build/rov_vision/build install --record /home/shashwat/test_ws/src/SubMerge-CV-/build/rov_vision/install.log --single-version-externally-managed install_data
